[32m2022-03-07 14:32:57 [INFO] 
              __    __              
   ________  / /___/ /___  ____ ____ 
  / ___/ _ \/ / __  / __ \/ __ ` ___/
 (__  )  __/ / /_/ / /_/ / / / / / /
/____/\___/_/\__,_/\____/_/ /_/ /_/ 
-----------------------------------------
                             @itest.info
[0m
2022-03-07 14:32:57 [DEBUG] å‘é€postè¯·æ±‚ï¼Œè¯·æ±‚åœ°å€http://10.253.31.25:55556/risen-pcip-sm/api/public/api/getDataKey, è¯·æ±‚å‚æ•°{'appCode': 'E04C0921841449D3BC603505A5118EE8', 'size': 2}
2022-03-07 14:32:57 [DEBUG] æœåŠ¡å™¨è¿”å›ç»“æœï¼š{'message': 'æˆåŠŸ', 'data': [{'dataKey': '68a432c4b2aba9af2e4f37d8ea12003c'}, {'dataKey': 'e8adc55cbce02f947aa8333af6e38d0a'}], 'code': 200}
2022-03-07 14:32:57 [DEBUG] è¿”å›çš„å¯†é’¥[{'dataKey': '68a432c4b2aba9af2e4f37d8ea12003c'}, {'dataKey': 'e8adc55cbce02f947aa8333af6e38d0a'}]
2022-03-07 14:32:57 [DEBUG] å‘é€postè¯·æ±‚ï¼Œè¯·æ±‚åœ°å€http://10.253.31.25:55556/risen-pcip-sm/api/public/api/getDataKey, è¯·æ±‚å‚æ•°{'appCode': 'E04C0921841449D3BC603505A5118EE8', 'size': 3}
2022-03-07 14:32:57 [DEBUG] æœåŠ¡å™¨è¿”å›ç»“æœï¼š{'message': 'æˆåŠŸ', 'data': [{'dataKey': 'c101d28c77b712101b03d984839a69e9'}, {'dataKey': '23bdca2e4bcdad005218228602c24f0b'}, {'dataKey': '934c06d5b6698e36935db9ea5ad9ca8d'}], 'code': 200}
2022-03-07 14:32:57 [DEBUG] è¿”å›çš„å¯†é’¥[{'dataKey': 'c101d28c77b712101b03d984839a69e9'}, {'dataKey': '23bdca2e4bcdad005218228602c24f0b'}, {'dataKey': '934c06d5b6698e36935db9ea5ad9ca8d'}]
2022-03-07 14:32:57 [DEBUG] å‘é€postè¯·æ±‚ï¼Œè¯·æ±‚åœ°å€http://10.253.31.25:55556/risen-pcip-sm/api/public/api/getDataKey, è¯·æ±‚å‚æ•°{'appCode': 'E04C0921841449D3BC603505A5118EE8', 'size': 4}
2022-03-07 14:32:57 [DEBUG] æœåŠ¡å™¨è¿”å›ç»“æœï¼š{'message': 'æˆåŠŸ', 'data': [{'dataKey': '9b0676ac4daa74a19c3742dbae021e77'}, {'dataKey': '70bf8fdfe2ea1e0d785350d37c2acc15'}, {'dataKey': 'd03a1bd16e2c6416f4be92120cc5ca41'}, {'dataKey': '86416d4398269c44eeea411c73c6d7bc'}], 'code': 200}
2022-03-07 14:32:57 [DEBUG] è¿”å›çš„å¯†é’¥[{'dataKey': '9b0676ac4daa74a19c3742dbae021e77'}, {'dataKey': '70bf8fdfe2ea1e0d785350d37c2acc15'}, {'dataKey': 'd03a1bd16e2c6416f4be92120cc5ca41'}, {'dataKey': '86416d4398269c44eeea411c73c6d7bc'}]
[36m2022-03-07 14:32:57 [PRINT] generated html file: file:///D:\study\seldom_encryption_decryption\reports\2022_03_07_14_32_55_result.html[0m
[36m2022-03-07 14:32:57 [PRINT] generated log file: file:///D:\study\seldom_encryption_decryption\reports\2022_03_07_14_32_55_log.log[0m
