[32m2022-03-07 14:32:00 [INFO] 
              __    __              
   ________  / /___/ /___  ____ ____ 
  / ___/ _ \/ / __  / __ \/ __ ` ___/
 (__  )  __/ / /_/ / /_/ / / / / / /
/____/\___/_/\__,_/\____/_/ /_/ /_/ 
-----------------------------------------
                             @itest.info
[0m
2022-03-07 14:32:00 [DEBUG] å‘é€postè¯·æ±‚ï¼Œè¯·æ±‚åœ°å€http://10.253.31.25:55556/risen-pcip-sm/api/public/api/getDataKey, è¯·æ±‚å‚æ•°{'appCode': 'E04C0921841449D3BC603505A5118EE8', 'size': 1}
2022-03-07 14:32:00 [DEBUG] æœåŠ¡å™¨è¿”å›ç»“æœï¼š{'message': 'æˆåŠŸ', 'data': [{'dataKey': '8e606f8635a46f63fcfd250fd5c0ff9b'}], 'code': 200}
2022-03-07 14:32:00 [DEBUG] è¿”å›çš„å¯†é’¥[{'dataKey': '8e606f8635a46f63fcfd250fd5c0ff9b'}]
2022-03-07 14:32:00 [DEBUG] å‘é€postè¯·æ±‚ï¼Œè¯·æ±‚åœ°å€http://10.253.31.25:55556/risen-pcip-sm/api/public/api/getDataKey, è¯·æ±‚å‚æ•°{'appCode': 'E04C0921841449D3BC603505A5118EE8', 'size': 2}
2022-03-07 14:32:00 [DEBUG] æœåŠ¡å™¨è¿”å›ç»“æœï¼š{'message': 'æˆåŠŸ', 'data': [{'dataKey': '1cb6aa1da5b9d6fe85059fbd33b3c502'}, {'dataKey': '72d3d75697b851c16f0ab17d66087bdf'}], 'code': 200}
2022-03-07 14:32:00 [DEBUG] è¿”å›çš„å¯†é’¥[{'dataKey': '1cb6aa1da5b9d6fe85059fbd33b3c502'}, {'dataKey': '72d3d75697b851c16f0ab17d66087bdf'}]
2022-03-07 14:32:00 [DEBUG] å‘é€postè¯·æ±‚ï¼Œè¯·æ±‚åœ°å€http://10.253.31.25:55556/risen-pcip-sm/api/public/api/getDataKey, è¯·æ±‚å‚æ•°{'appCode': 'E04C0921841449D3BC603505A5118EE8', 'size': 3}
2022-03-07 14:32:00 [DEBUG] æœåŠ¡å™¨è¿”å›ç»“æœï¼š{'message': 'æˆåŠŸ', 'data': [{'dataKey': 'afd701cbe8c4c8f826271b4613684ef4'}, {'dataKey': 'fdc698452c27bd66bb01b87dc7d4fb4c'}, {'dataKey': 'b17e355bd9c7d14e0748eb134d9a3884'}], 'code': 200}
2022-03-07 14:32:00 [DEBUG] è¿”å›çš„å¯†é’¥[{'dataKey': 'afd701cbe8c4c8f826271b4613684ef4'}, {'dataKey': 'fdc698452c27bd66bb01b87dc7d4fb4c'}, {'dataKey': 'b17e355bd9c7d14e0748eb134d9a3884'}]
[36m2022-03-07 14:32:00 [PRINT] generated html file: file:///D:\study\seldom_encryption_decryption\reports\2022_03_07_14_31_58_result.html[0m
[36m2022-03-07 14:32:00 [PRINT] generated log file: file:///D:\study\seldom_encryption_decryption\reports\2022_03_07_14_31_58_log.log[0m
